<?xml version="1.0" encoding="UTF-8"?>
<!-- Generated by org.testng.reporters.JUnitReportReporter -->
<testsuite hostname="DESKTOP-U6OK72A" failures="0" tests="1" name="Module_Login1_Test.KiteTestClass" time="4.675" errors="0" timestamp="2022-09-29T22:10:32 IST" skipped="0">
  <testcase classname="Module_Login1_Test.KiteTestClass" name="VerifyUserID" time="4.675"/>
  <system-out/>
</testsuite> <!-- Module_Login1_Test.KiteTestClass -->
