<?xml version="1.0" encoding="UTF-8"?>
<!-- Generated by org.testng.reporters.JUnitReportReporter -->
<testsuite hostname="DESKTOP-U6OK72A" failures="0" tests="5" name="Test_Class.NewTest" time="0.025" errors="0" timestamp="2022-10-01T10:22:25 IST" skipped="0">
  <testcase classname="Test_Class.NewTest" name="f5" time="0.002"/>
  <system-out/>
  <testcase classname="Test_Class.NewTest" name="f1" time="0.017"/>
  <system-out/>
  <testcase classname="Test_Class.NewTest" name="f2" time="0.003"/>
  <system-out/>
  <testcase classname="Test_Class.NewTest" name="f3" time="0.002"/>
  <system-out/>
  <testcase classname="Test_Class.NewTest" name="f4" time="0.001"/>
  <system-out/>
</testsuite> <!-- Test_Class.NewTest -->
