<?xml version="1.0" encoding="UTF-8"?>
<!-- Generated by org.testng.reporters.JUnitReportReporter -->
<testsuite hostname="DESKTOP-U6OK72A" failures="0" tests="5" name="Module_Login1.Extent_Reporter" time="0.053" errors="0" timestamp="2023-01-23T23:11:07 IST" skipped="0">
  <testcase classname="Module_Login1.Extent_Reporter" name="f4" time="0.003"/>
  <system-out/>
  <testcase classname="Module_Login1.Extent_Reporter" name="f3" time="0.005"/>
  <system-out/>
  <testcase classname="Module_Login1.Extent_Reporter" name="f5" time="0.004"/>
  <system-out/>
  <testcase classname="Module_Login1.Extent_Reporter" name="f1" time="0.036"/>
  <system-out/>
  <testcase classname="Module_Login1.Extent_Reporter" name="f2" time="0.005"/>
  <system-out/>
</testsuite> <!-- Module_Login1.Extent_Reporter -->
